--Clearing cache
3
--Generating a random prompt
Using prompt start: Spectacular heavenly dawn
Using seed: 170896
Spectacular heavenly dawn  supernova in the background, hard science fiction painting by Greg Rutkowski, winning award masterpiece, fantastic artwork, aesthetically inspired by beksinski and dan mumford, Trending on Artstation, cinematic lighting from the right, hyper realism, octane render, 8k, depth of field, 3D

Spectacular heavenly dawn  supernova in the background, hard science fiction painting by Greg Rutkowski, winning award masterpiece, fantastic artwork, aesthetically inspired by beksinski and dan mumford, Trending on Artstation, cinematic lighting from the right, hyper realism, octane render, 8k, depth of field, 3D
Spectacular heavenly dawn  supernova in the background, hard science fiction painting by Greg Rutkowski, winning award masterpiece, fantastic artwork, aesthetically inspired by beksinski and dan mumford, Trending on Artstation, cinematic lighting from the right, hyper realism, octane render, 8k, depth of field, 3D
Whole prompt:
315
Trimmed prompt:
250
--Clearing cache
3
--Launching Stable Diffusion
Success! Image exists
--Clearing cache
3
--Upscaling image
Testing 0 image
Success! Image exists
--Clearing final cache
3
--Process completed successfully!
Updating job No.260
now No.261
